<?xml version="1.0" encoding="UTF-8"?>
<testsuite xmlns:xsi="http://www.w3.org/2001/XMLSchema-instance" xsi:noNamespaceSchemaLocation="https://maven.apache.org/surefire/maven-surefire-plugin/xsd/surefire-test-report.xsd" name="pro.vinyard.project.entity.peristence.CPCarTest" time="7.154" tests="10" errors="0" skipped="0" failures="0">
  <properties>
[...]
</properties>
  <testcase name="getFiscalHorsepower" classname="pro.vinyard.project.entity.peristence.CPCarTest" time="2.71"/>
  <testcase name="getRegistrationDate" classname="pro.vinyard.project.entity.peristence.CPCarTest" time="0.495"/>
  <testcase name="setEmployee" classname="pro.vinyard.project.entity.peristence.CPCarTest" time="0.453"/>
  <testcase name="getEmployee" classname="pro.vinyard.project.entity.peristence.CPCarTest" time="0.528"/>
  <testcase name="getId" classname="pro.vinyard.project.entity.peristence.CPCarTest" time="0.601"/>
  <testcase name="setId" classname="pro.vinyard.project.entity.peristence.CPCarTest" time="0.471"/>
  <testcase name="setFiscalHorsepower" classname="pro.vinyard.project.entity.peristence.CPCarTest" time="0.436"/>
  <testcase name="setRegistrationDate" classname="pro.vinyard.project.entity.peristence.CPCarTest" time="0.468"/>
  <testcase name="setModel" classname="pro.vinyard.project.entity.peristence.CPCarTest" time="0.452"/>
  <testcase name="getModel" classname="pro.vinyard.project.entity.peristence.CPCarTest" time="0.472"/>
</testsuite>